<?xml version="1.0" encoding="UTF-8"?>
<testng-results skipped="0" failed="0" total="1" passed="1">
  <reporter-output>
  </reporter-output>
  <suite name="Default suite" duration-ms="48205" started-at="2015-05-31T00:15:22Z" finished-at="2015-05-31T00:16:11Z">
    <groups>
    </groups>
    <test name="Default test" duration-ms="48205" started-at="2015-05-31T00:15:22Z" finished-at="2015-05-31T00:16:11Z">
      <class name="com.norwex.CreatePartyTest">
        <test-method status="PASS" signature="beforeTest()[pri:0, instance:com.norwex.CreatePartyTest@1cd072a9]" name="beforeTest" is-config="true" duration-ms="11737" started-at="2015-05-30T19:15:22Z" finished-at="2015-05-30T19:15:34Z">
          <reporter-output>
          </reporter-output>
        </test-method> <!-- beforeTest -->
        <test-method status="PASS" signature="createParty()[pri:0, instance:com.norwex.CreatePartyTest@1cd072a9]" name="createParty" duration-ms="36456" started-at="2015-05-30T19:15:34Z" finished-at="2015-05-30T19:16:11Z">
          <reporter-output>
          </reporter-output>
        </test-method> <!-- createParty -->
      </class> <!-- com.norwex.CreatePartyTest -->
    </test> <!-- Default test -->
  </suite> <!-- Default suite -->
</testng-results>
